<?xml version="1.0" encoding="UTF-8"?>
<!-- Generated by org.testng.reporters.JUnitXMLReporter -->
<testsuite ignored="0" hostname="NM-Desktop-Evo" failures="0" tests="2" name="Test" time="31.275" errors="0" timestamp="2023-06-17T23:35:20 CDT">
  <testcase classname="org.mmp.patientmodule.tests.MMP_002_LoginTests" name="TC_001_validateLogin" time="28.883"/>
  <testcase classname="org.mmp.patientmodule.tests.MMP_002_LoginTests" name="TC_002_invalidLogin" time="0.984"/>
</testsuite> <!-- Test -->
